0 info it worked if it ends with ok
1 verbose cli [ 'C:\\Program Files\\nodejs\\node.exe',
1 verbose cli   'C:\\Program Files\\nodejs\\node_modules\\npm\\bin\\npm-cli.js',
1 verbose cli   'install' ]
2 info using npm@2.15.9
3 info using node@v4.5.0
4 verbose readDependencies loading dependencies from C:\Users\Joseph\6.170\final-proj-Seals\package.json
5 verbose install where, deps [ 'C:\\Users\\Joseph\\6.170\\final-proj-Seals',
5 verbose install   [ 'body-parser',
5 verbose install     'cookie-parser',
5 verbose install     'debug',
5 verbose install     'ejs',
5 verbose install     'express',
5 verbose install     'morgan',
5 verbose install     'serve-favicon',
5 verbose install     'bcrypt',
5 verbose install     'dateformat',
5 verbose install     'express-handlebars',
5 verbose install     'express-session',
5 verbose install     'handlebars',
5 verbose install     'mongoose',
5 verbose install     'passport',
5 verbose install     'passport-local' ] ]
6 verbose install where, peers [ 'C:\\Users\\Joseph\\6.170\\final-proj-Seals', [] ]
7 verbose installManyTop reading for lifecycle C:\Users\Joseph\6.170\final-proj-Seals\package.json
8 info preinstall seals@0.0.0
9 verbose installManyTop reading scoped package data from C:\Users\Joseph\6.170\final-proj-Seals\node_modules\body-parser\package.json
10 verbose installManyTop reading scoped package data from C:\Users\Joseph\6.170\final-proj-Seals\node_modules\cookie-parser\package.json
11 verbose installManyTop reading scoped package data from C:\Users\Joseph\6.170\final-proj-Seals\node_modules\dateformat\package.json
12 verbose installManyTop reading scoped package data from C:\Users\Joseph\6.170\final-proj-Seals\node_modules\debug\package.json
13 verbose installManyTop reading scoped package data from C:\Users\Joseph\6.170\final-proj-Seals\node_modules\ejs\package.json
14 verbose installManyTop reading scoped package data from C:\Users\Joseph\6.170\final-proj-Seals\node_modules\express\package.json
15 verbose installManyTop reading scoped package data from C:\Users\Joseph\6.170\final-proj-Seals\node_modules\express-handlebars\package.json
16 verbose installManyTop reading scoped package data from C:\Users\Joseph\6.170\final-proj-Seals\node_modules\express-session\package.json
17 verbose installManyTop reading scoped package data from C:\Users\Joseph\6.170\final-proj-Seals\node_modules\handlebars\package.json
18 verbose installManyTop reading scoped package data from C:\Users\Joseph\6.170\final-proj-Seals\node_modules\mongoose\package.json
19 verbose installManyTop reading scoped package data from C:\Users\Joseph\6.170\final-proj-Seals\node_modules\morgan\package.json
20 verbose installManyTop reading scoped package data from C:\Users\Joseph\6.170\final-proj-Seals\node_modules\passport\package.json
21 verbose installManyTop reading scoped package data from C:\Users\Joseph\6.170\final-proj-Seals\node_modules\passport-local\package.json
22 verbose installManyTop reading scoped package data from C:\Users\Joseph\6.170\final-proj-Seals\node_modules\serve-favicon\package.json
23 info package.json passport-local@1.0.0 No license field.
24 verbose readDependencies loading dependencies from C:\Users\Joseph\6.170\final-proj-Seals\package.json
25 verbose targetResolver reading package data from C:\Users\Joseph\6.170\final-proj-Seals\node_modules\body-parser\package.json
26 verbose targetResolver reading package data from C:\Users\Joseph\6.170\final-proj-Seals\node_modules\cookie-parser\package.json
27 verbose targetResolver reading package data from C:\Users\Joseph\6.170\final-proj-Seals\node_modules\dateformat\package.json
28 verbose targetResolver reading package data from C:\Users\Joseph\6.170\final-proj-Seals\node_modules\debug\package.json
29 verbose targetResolver reading package data from C:\Users\Joseph\6.170\final-proj-Seals\node_modules\ejs\package.json
30 verbose targetResolver reading package data from C:\Users\Joseph\6.170\final-proj-Seals\node_modules\express\package.json
31 verbose targetResolver reading package data from C:\Users\Joseph\6.170\final-proj-Seals\node_modules\express-handlebars\package.json
32 verbose targetResolver reading package data from C:\Users\Joseph\6.170\final-proj-Seals\node_modules\express-session\package.json
33 verbose targetResolver reading package data from C:\Users\Joseph\6.170\final-proj-Seals\node_modules\handlebars\package.json
34 verbose targetResolver reading package data from C:\Users\Joseph\6.170\final-proj-Seals\node_modules\mongoose\package.json
35 verbose targetResolver reading package data from C:\Users\Joseph\6.170\final-proj-Seals\node_modules\morgan\package.json
36 verbose targetResolver reading package data from C:\Users\Joseph\6.170\final-proj-Seals\node_modules\passport\package.json
37 verbose targetResolver reading package data from C:\Users\Joseph\6.170\final-proj-Seals\node_modules\passport-local\package.json
38 verbose targetResolver reading package data from C:\Users\Joseph\6.170\final-proj-Seals\node_modules\serve-favicon\package.json
39 verbose targetResolver reading package data from C:\Users\Joseph\6.170\final-proj-Seals\node_modules\.bin\dateformat\package.json
40 verbose targetResolver reading package data from C:\Users\Joseph\6.170\final-proj-Seals\node_modules\.bin\dateformat.cmd\package.json
41 verbose targetResolver reading package data from C:\Users\Joseph\6.170\final-proj-Seals\node_modules\.bin\handlebars\package.json
42 verbose targetResolver reading package data from C:\Users\Joseph\6.170\final-proj-Seals\node_modules\.bin\handlebars.cmd\package.json
43 verbose already installed skipping passport@^0.3.2 C:\Users\Joseph\6.170\final-proj-Seals
44 verbose already installed skipping passport-local@^1.0.0 C:\Users\Joseph\6.170\final-proj-Seals
45 verbose already installed skipping body-parser@~1.13.2 C:\Users\Joseph\6.170\final-proj-Seals
46 verbose already installed skipping cookie-parser@~1.3.5 C:\Users\Joseph\6.170\final-proj-Seals
47 verbose already installed skipping debug@~2.2.0 C:\Users\Joseph\6.170\final-proj-Seals
48 verbose already installed skipping ejs@~2.3.3 C:\Users\Joseph\6.170\final-proj-Seals
49 verbose already installed skipping express@~4.13.1 C:\Users\Joseph\6.170\final-proj-Seals
50 verbose already installed skipping morgan@~1.6.1 C:\Users\Joseph\6.170\final-proj-Seals
51 verbose already installed skipping serve-favicon@~2.3.0 C:\Users\Joseph\6.170\final-proj-Seals
52 silly cache add args [ 'bcrypt@^0.8.7', null ]
53 verbose cache add spec bcrypt@^0.8.7
54 silly cache add parsed spec Result {
54 silly cache add   raw: 'bcrypt@^0.8.7',
54 silly cache add   scope: null,
54 silly cache add   name: 'bcrypt',
54 silly cache add   rawSpec: '^0.8.7',
54 silly cache add   spec: '>=0.8.7 <0.9.0',
54 silly cache add   type: 'range' }
55 silly addNamed bcrypt@>=0.8.7 <0.9.0
56 verbose addNamed ">=0.8.7 <0.9.0" is a valid semver range for bcrypt
57 silly addNameRange { name: 'bcrypt', range: '>=0.8.7 <0.9.0', hasData: false }
58 silly mapToRegistry name bcrypt
59 silly mapToRegistry using default registry
60 silly mapToRegistry registry https://registry.npmjs.org/
61 silly mapToRegistry data Result {
61 silly mapToRegistry   raw: 'bcrypt',
61 silly mapToRegistry   scope: null,
61 silly mapToRegistry   name: 'bcrypt',
61 silly mapToRegistry   rawSpec: '',
61 silly mapToRegistry   spec: 'latest',
61 silly mapToRegistry   type: 'tag' }
62 silly mapToRegistry uri https://registry.npmjs.org/bcrypt
63 verbose addNameRange registry:https://registry.npmjs.org/bcrypt not in flight; fetching
64 verbose already installed skipping dateformat@^1.0.12 C:\Users\Joseph\6.170\final-proj-Seals
65 verbose already installed skipping express-handlebars@^3.0.0 C:\Users\Joseph\6.170\final-proj-Seals
66 verbose already installed skipping express-session@^1.14.1 C:\Users\Joseph\6.170\final-proj-Seals
67 verbose already installed skipping handlebars@^4.0.5 C:\Users\Joseph\6.170\final-proj-Seals
68 verbose already installed skipping mongoose@^4.6.4 C:\Users\Joseph\6.170\final-proj-Seals
69 verbose request uri https://registry.npmjs.org/bcrypt
70 verbose request no auth needed
71 info attempt registry request try #1 at 8:05:33 AM
72 verbose request id 5d25dc3cec2b457e
73 verbose etag W/"58317a91-1425d"
74 verbose lastModified Sun, 20 Nov 2016 10:27:29 GMT
75 http request GET https://registry.npmjs.org/bcrypt
76 http 304 https://registry.npmjs.org/bcrypt
77 verbose headers { date: 'Sun, 20 Nov 2016 13:05:27 GMT',
77 verbose headers   via: '1.1 varnish',
77 verbose headers   'cache-control': 'max-age=300',
77 verbose headers   etag: 'W/"58317a91-1425d"',
77 verbose headers   age: '0',
77 verbose headers   connection: 'keep-alive',
77 verbose headers   'x-served-by': 'cache-bos8230-BOS',
77 verbose headers   'x-cache': 'MISS',
77 verbose headers   'x-cache-hits': '0',
77 verbose headers   'x-timer': 'S1479647127.701722,VS0,VE25',
77 verbose headers   vary: 'Accept-Encoding' }
78 silly get cb [ 304,
78 silly get   { date: 'Sun, 20 Nov 2016 13:05:27 GMT',
78 silly get     via: '1.1 varnish',
78 silly get     'cache-control': 'max-age=300',
78 silly get     etag: 'W/"58317a91-1425d"',
78 silly get     age: '0',
78 silly get     connection: 'keep-alive',
78 silly get     'x-served-by': 'cache-bos8230-BOS',
78 silly get     'x-cache': 'MISS',
78 silly get     'x-cache-hits': '0',
78 silly get     'x-timer': 'S1479647127.701722,VS0,VE25',
78 silly get     vary: 'Accept-Encoding' } ]
79 verbose etag https://registry.npmjs.org/bcrypt from cache
80 verbose get saving bcrypt to C:\Users\Joseph\AppData\Roaming\npm-cache\registry.npmjs.org\bcrypt\.cache.json
81 verbose correctMkdir C:\Users\Joseph\AppData\Roaming\npm-cache correctMkdir not in flight; initializing
82 silly addNameRange number 2 { name: 'bcrypt', range: '>=0.8.7 <0.9.0', hasData: true }
83 silly addNameRange versions [ 'bcrypt',
83 silly addNameRange   [ '0.1.2',
83 silly addNameRange     '0.2.0',
83 silly addNameRange     '0.2.1',
83 silly addNameRange     '0.1.3',
83 silly addNameRange     '0.2.2',
83 silly addNameRange     '0.2.3',
83 silly addNameRange     '0.2.4',
83 silly addNameRange     '0.3.0',
83 silly addNameRange     '0.3.1',
83 silly addNameRange     '0.3.2',
83 silly addNameRange     '0.4.0',
83 silly addNameRange     '0.4.1',
83 silly addNameRange     '0.5.0',
83 silly addNameRange     '0.6.0',
83 silly addNameRange     '0.7.0',
83 silly addNameRange     '0.7.1',
83 silly addNameRange     '0.7.2',
83 silly addNameRange     '0.7.3',
83 silly addNameRange     '0.7.4',
83 silly addNameRange     '0.7.5',
83 silly addNameRange     '0.7.6',
83 silly addNameRange     '0.7.7',
83 silly addNameRange     '0.7.8',
83 silly addNameRange     '0.8.0',
83 silly addNameRange     '0.8.1',
83 silly addNameRange     '0.8.2',
83 silly addNameRange     '0.8.3',
83 silly addNameRange     '0.8.4',
83 silly addNameRange     '0.8.5',
83 silly addNameRange     '0.8.6',
83 silly addNameRange     '0.8.7' ] ]
84 silly addNamed bcrypt@0.8.7
85 verbose addNamed "0.8.7" is a plain semver version for bcrypt
86 silly cache afterAdd bcrypt@0.8.7
87 verbose afterAdd C:\Users\Joseph\AppData\Roaming\npm-cache\bcrypt\0.8.7\package\package.json not in flight; writing
88 verbose correctMkdir C:\Users\Joseph\AppData\Roaming\npm-cache correctMkdir not in flight; initializing
89 verbose afterAdd C:\Users\Joseph\AppData\Roaming\npm-cache\bcrypt\0.8.7\package\package.json written
90 silly install resolved [ { name: 'bcrypt',
90 silly install resolved     description: 'A bcrypt library for NodeJS.',
90 silly install resolved     keywords:
90 silly install resolved      [ 'bcrypt',
90 silly install resolved        'password',
90 silly install resolved        'auth',
90 silly install resolved        'authentication',
90 silly install resolved        'encryption',
90 silly install resolved        'crypt',
90 silly install resolved        'crypto' ],
90 silly install resolved     main: './bcrypt',
90 silly install resolved     version: '0.8.7',
90 silly install resolved     author: { name: 'Nick Campbell', url: 'https://github.com/ncb000gt' },
90 silly install resolved     engines: { node: '>= 0.6.0' },
90 silly install resolved     repository:
90 silly install resolved      { type: 'git',
90 silly install resolved        url: 'git+https://github.com/ncb000gt/node.bcrypt.js.git' },
90 silly install resolved     license: 'MIT',
90 silly install resolved     bugs: { url: 'https://github.com/ncb000gt/node.bcrypt.js/issues' },
90 silly install resolved     scripts:
90 silly install resolved      { test: 'node-gyp configure build && nodeunit test',
90 silly install resolved        install: 'node-gyp rebuild' },
90 silly install resolved     dependencies: { bindings: '1.2.1', nan: '2.3.5' },
90 silly install resolved     devDependencies: { nodeunit: '~0.9.1' },
90 silly install resolved     contributors:
90 silly install resolved      [ [Object],
90 silly install resolved        [Object],
90 silly install resolved        [Object],
90 silly install resolved        [Object],
90 silly install resolved        [Object],
90 silly install resolved        [Object],
90 silly install resolved        [Object],
90 silly install resolved        [Object],
90 silly install resolved        [Object],
90 silly install resolved        [Object],
90 silly install resolved        [Object],
90 silly install resolved        [Object],
90 silly install resolved        [Object],
90 silly install resolved        [Object] ],
90 silly install resolved     gypfile: true,
90 silly install resolved     gitHead: '0dc9b78dab6980d129b77d1df723aa44daa7deb4',
90 silly install resolved     homepage: 'https://github.com/ncb000gt/node.bcrypt.js#readme',
90 silly install resolved     _id: 'bcrypt@0.8.7',
90 silly install resolved     _shasum: 'bc3875a9afd0a7b2cd231a6a7f218a5ce156b093',
90 silly install resolved     _from: 'bcrypt@>=0.8.7 <0.9.0',
90 silly install resolved     _npmVersion: '3.8.9',
90 silly install resolved     _nodeVersion: '6.2.0',
90 silly install resolved     _npmUser: { name: 'defunctzombie', email: 'shtylman@gmail.com' },
90 silly install resolved     dist:
90 silly install resolved      { shasum: 'bc3875a9afd0a7b2cd231a6a7f218a5ce156b093',
90 silly install resolved        tarball: 'https://registry.npmjs.org/bcrypt/-/bcrypt-0.8.7.tgz' },
90 silly install resolved     maintainers: [ [Object], [Object], [Object], [Object] ],
90 silly install resolved     _npmOperationalInternal:
90 silly install resolved      { host: 'packages-12-west.internal.npmjs.com',
90 silly install resolved        tmp: 'tmp/bcrypt-0.8.7.tgz_1465526713712_0.05265477881766856' },
90 silly install resolved     directories: {},
90 silly install resolved     _resolved: 'https://registry.npmjs.org/bcrypt/-/bcrypt-0.8.7.tgz',
90 silly install resolved     readme: 'ERROR: No README data found!' } ]
91 info install bcrypt@0.8.7 into C:\Users\Joseph\6.170\final-proj-Seals
92 info installOne bcrypt@0.8.7
93 verbose installOne of bcrypt to C:\Users\Joseph\6.170\final-proj-Seals not in flight; installing
94 verbose correctMkdir C:\Users\Joseph\AppData\Roaming\npm-cache\_locks correctMkdir not in flight; initializing
95 verbose lock using C:\Users\Joseph\AppData\Roaming\npm-cache\_locks\bcrypt-7919e8e9ce6454de.lock for C:\Users\Joseph\6.170\final-proj-Seals\node_modules\bcrypt
96 silly install write writing bcrypt 0.8.7 to C:\Users\Joseph\6.170\final-proj-Seals\node_modules\bcrypt
97 verbose unbuild node_modules\bcrypt
98 silly gentlyRm C:\Users\Joseph\6.170\final-proj-Seals\node_modules\bcrypt is being purged from base C:\Users\Joseph\6.170\final-proj-Seals
99 verbose gentlyRm don't care about contents; nuking C:\Users\Joseph\6.170\final-proj-Seals\node_modules\bcrypt
100 verbose tar unpack C:\Users\Joseph\AppData\Roaming\npm-cache\bcrypt\0.8.7\package.tgz
101 verbose tar unpacking to C:\Users\Joseph\6.170\final-proj-Seals\node_modules\bcrypt
102 silly gentlyRm C:\Users\Joseph\6.170\final-proj-Seals\node_modules\bcrypt is being purged
103 verbose gentlyRm don't care about contents; nuking C:\Users\Joseph\6.170\final-proj-Seals\node_modules\bcrypt
104 silly gunzTarPerm modes [ '777', '666' ]
105 silly gunzTarPerm extractEntry package.json
106 silly gunzTarPerm modified mode [ 'package.json', 420, 438 ]
107 silly gunzTarPerm extractEntry .npmignore
108 silly gunzTarPerm modified mode [ '.npmignore', 420, 438 ]
109 silly gunzTarPerm extractEntry README.md
110 silly gunzTarPerm modified mode [ 'README.md', 420, 438 ]
111 silly gunzTarPerm extractEntry LICENSE
112 silly gunzTarPerm modified mode [ 'LICENSE', 420, 438 ]
113 silly gunzTarPerm extractEntry bcrypt.js
114 silly gunzTarPerm modified mode [ 'bcrypt.js', 420, 438 ]
115 silly gunzTarPerm extractEntry Makefile
116 silly gunzTarPerm modified mode [ 'Makefile', 420, 438 ]
117 silly gunzTarPerm extractEntry .travis.yml
118 silly gunzTarPerm modified mode [ '.travis.yml', 420, 438 ]
119 silly gunzTarPerm extractEntry CHANGELOG.md
120 silly gunzTarPerm modified mode [ 'CHANGELOG.md', 420, 438 ]
121 silly gunzTarPerm extractEntry binding.gyp
122 silly gunzTarPerm modified mode [ 'binding.gyp', 420, 438 ]
123 silly gunzTarPerm extractEntry examples/async_compare.js
124 silly gunzTarPerm modified mode [ 'examples/async_compare.js', 420, 438 ]
125 silly gunzTarPerm extractEntry examples/forever_gen_salt.js
126 silly gunzTarPerm modified mode [ 'examples/forever_gen_salt.js', 420, 438 ]
127 silly gunzTarPerm extractEntry test/async.js
128 silly gunzTarPerm modified mode [ 'test/async.js', 420, 438 ]
129 silly gunzTarPerm extractEntry test/repetitions.js
130 silly gunzTarPerm modified mode [ 'test/repetitions.js', 420, 438 ]
131 silly gunzTarPerm extractEntry test/sync.js
132 silly gunzTarPerm modified mode [ 'test/sync.js', 420, 438 ]
133 silly gunzTarPerm extractEntry ISSUE_TEMPLATE.md
134 silly gunzTarPerm modified mode [ 'ISSUE_TEMPLATE.md', 420, 438 ]
135 silly gunzTarPerm extractEntry src/bcrypt.cc
136 silly gunzTarPerm modified mode [ 'src/bcrypt.cc', 420, 438 ]
137 silly gunzTarPerm extractEntry src/bcrypt_node.cc
138 silly gunzTarPerm modified mode [ 'src/bcrypt_node.cc', 420, 438 ]
139 silly gunzTarPerm extractEntry src/blowfish.cc
140 silly gunzTarPerm modified mode [ 'src/blowfish.cc', 420, 438 ]
141 silly gunzTarPerm extractEntry src/node_blf.h
142 silly gunzTarPerm modified mode [ 'src/node_blf.h', 420, 438 ]
143 silly gunzTarPerm extractEntry werker.yml
144 silly gunzTarPerm modified mode [ 'werker.yml', 420, 438 ]
145 verbose write writing to C:\Users\Joseph\6.170\final-proj-Seals\node_modules\bcrypt\package.json
146 info preinstall bcrypt@0.8.7
147 verbose readDependencies loading dependencies from C:\Users\Joseph\6.170\final-proj-Seals\node_modules\bcrypt\package.json
148 silly prepareForInstallMany adding bindings@1.2.1 from bcrypt dependencies
149 silly prepareForInstallMany adding nan@2.3.5 from bcrypt dependencies
150 verbose readDependencies loading dependencies from C:\Users\Joseph\6.170\final-proj-Seals\node_modules\bcrypt\package.json
151 silly cache add args [ 'bindings@1.2.1', null ]
152 verbose cache add spec bindings@1.2.1
153 silly cache add args [ 'nan@2.3.5', null ]
154 verbose cache add spec nan@2.3.5
155 silly cache add parsed spec Result {
155 silly cache add   raw: 'bindings@1.2.1',
155 silly cache add   scope: null,
155 silly cache add   name: 'bindings',
155 silly cache add   rawSpec: '1.2.1',
155 silly cache add   spec: '1.2.1',
155 silly cache add   type: 'version' }
156 silly addNamed bindings@1.2.1
157 verbose addNamed "1.2.1" is a plain semver version for bindings
158 silly mapToRegistry name bindings
159 silly mapToRegistry using default registry
160 silly mapToRegistry registry https://registry.npmjs.org/
161 silly mapToRegistry data Result {
161 silly mapToRegistry   raw: 'bindings',
161 silly mapToRegistry   scope: null,
161 silly mapToRegistry   name: 'bindings',
161 silly mapToRegistry   rawSpec: '',
161 silly mapToRegistry   spec: 'latest',
161 silly mapToRegistry   type: 'tag' }
162 silly mapToRegistry uri https://registry.npmjs.org/bindings
163 verbose addNameVersion registry:https://registry.npmjs.org/bindings not in flight; fetching
164 silly cache add parsed spec Result {
164 silly cache add   raw: 'nan@2.3.5',
164 silly cache add   scope: null,
164 silly cache add   name: 'nan',
164 silly cache add   rawSpec: '2.3.5',
164 silly cache add   spec: '2.3.5',
164 silly cache add   type: 'version' }
165 silly addNamed nan@2.3.5
166 verbose addNamed "2.3.5" is a plain semver version for nan
167 silly mapToRegistry name nan
168 silly mapToRegistry using default registry
169 silly mapToRegistry registry https://registry.npmjs.org/
170 silly mapToRegistry data Result {
170 silly mapToRegistry   raw: 'nan',
170 silly mapToRegistry   scope: null,
170 silly mapToRegistry   name: 'nan',
170 silly mapToRegistry   rawSpec: '',
170 silly mapToRegistry   spec: 'latest',
170 silly mapToRegistry   type: 'tag' }
171 silly mapToRegistry uri https://registry.npmjs.org/nan
172 verbose addNameVersion registry:https://registry.npmjs.org/nan not in flight; fetching
173 verbose request uri https://registry.npmjs.org/bindings
174 verbose request no auth needed
175 info attempt registry request try #1 at 8:05:35 AM
176 verbose etag W/"580645d3-46f7"
177 verbose lastModified Tue, 18 Oct 2016 15:54:59 GMT
178 http request GET https://registry.npmjs.org/bindings
179 verbose request uri https://registry.npmjs.org/nan
180 verbose request no auth needed
181 info attempt registry request try #1 at 8:05:35 AM
182 verbose etag W/"5818d749-1ce1e"
183 verbose lastModified Tue, 01 Nov 2016 17:56:25 GMT
184 http request GET https://registry.npmjs.org/nan
185 http 304 https://registry.npmjs.org/bindings
186 verbose headers { date: 'Sun, 20 Nov 2016 13:05:29 GMT',
186 verbose headers   via: '1.1 varnish',
186 verbose headers   'cache-control': 'max-age=300',
186 verbose headers   etag: 'W/"580645d3-46f7"',
186 verbose headers   age: '0',
186 verbose headers   connection: 'keep-alive',
186 verbose headers   'x-served-by': 'cache-bos8230-BOS',
186 verbose headers   'x-cache': 'HIT',
186 verbose headers   'x-cache-hits': '1',
186 verbose headers   'x-timer': 'S1479647129.006450,VS0,VE140',
186 verbose headers   vary: 'Accept-Encoding' }
187 silly get cb [ 304,
187 silly get   { date: 'Sun, 20 Nov 2016 13:05:29 GMT',
187 silly get     via: '1.1 varnish',
187 silly get     'cache-control': 'max-age=300',
187 silly get     etag: 'W/"580645d3-46f7"',
187 silly get     age: '0',
187 silly get     connection: 'keep-alive',
187 silly get     'x-served-by': 'cache-bos8230-BOS',
187 silly get     'x-cache': 'HIT',
187 silly get     'x-cache-hits': '1',
187 silly get     'x-timer': 'S1479647129.006450,VS0,VE140',
187 silly get     vary: 'Accept-Encoding' } ]
188 verbose etag https://registry.npmjs.org/bindings from cache
189 verbose get saving bindings to C:\Users\Joseph\AppData\Roaming\npm-cache\registry.npmjs.org\bindings\.cache.json
190 verbose correctMkdir C:\Users\Joseph\AppData\Roaming\npm-cache correctMkdir not in flight; initializing
191 http 304 https://registry.npmjs.org/nan
192 verbose headers { date: 'Sun, 20 Nov 2016 13:05:29 GMT',
192 verbose headers   via: '1.1 varnish',
192 verbose headers   'cache-control': 'max-age=300',
192 verbose headers   etag: 'W/"5818d749-1ce1e"',
192 verbose headers   age: '0',
192 verbose headers   connection: 'keep-alive',
192 verbose headers   'x-served-by': 'cache-bos8227-BOS',
192 verbose headers   'x-cache': 'HIT',
192 verbose headers   'x-cache-hits': '1',
192 verbose headers   'x-timer': 'S1479647129.051952,VS0,VE106',
192 verbose headers   vary: 'Accept-Encoding' }
193 silly get cb [ 304,
193 silly get   { date: 'Sun, 20 Nov 2016 13:05:29 GMT',
193 silly get     via: '1.1 varnish',
193 silly get     'cache-control': 'max-age=300',
193 silly get     etag: 'W/"5818d749-1ce1e"',
193 silly get     age: '0',
193 silly get     connection: 'keep-alive',
193 silly get     'x-served-by': 'cache-bos8227-BOS',
193 silly get     'x-cache': 'HIT',
193 silly get     'x-cache-hits': '1',
193 silly get     'x-timer': 'S1479647129.051952,VS0,VE106',
193 silly get     vary: 'Accept-Encoding' } ]
194 verbose etag https://registry.npmjs.org/nan from cache
195 verbose get saving nan to C:\Users\Joseph\AppData\Roaming\npm-cache\registry.npmjs.org\nan\.cache.json
196 verbose correctMkdir C:\Users\Joseph\AppData\Roaming\npm-cache correctMkdir not in flight; initializing
197 silly cache afterAdd bindings@1.2.1
198 verbose afterAdd C:\Users\Joseph\AppData\Roaming\npm-cache\bindings\1.2.1\package\package.json not in flight; writing
199 verbose correctMkdir C:\Users\Joseph\AppData\Roaming\npm-cache correctMkdir not in flight; initializing
200 verbose afterAdd C:\Users\Joseph\AppData\Roaming\npm-cache\bindings\1.2.1\package\package.json written
201 silly cache afterAdd nan@2.3.5
202 verbose afterAdd C:\Users\Joseph\AppData\Roaming\npm-cache\nan\2.3.5\package\package.json not in flight; writing
203 verbose correctMkdir C:\Users\Joseph\AppData\Roaming\npm-cache correctMkdir not in flight; initializing
204 verbose afterAdd C:\Users\Joseph\AppData\Roaming\npm-cache\nan\2.3.5\package\package.json written
205 silly install resolved [ { name: 'bindings',
205 silly install resolved     description: 'Helper module for loading your native module\'s .node file',
205 silly install resolved     keywords: [ 'native', 'addon', 'bindings', 'gyp', 'waf', 'c', 'c++' ],
205 silly install resolved     version: '1.2.1',
205 silly install resolved     author:
205 silly install resolved      { name: 'Nathan Rajlich',
205 silly install resolved        email: 'nathan@tootallnate.net',
205 silly install resolved        url: 'http://tootallnate.net' },
205 silly install resolved     repository:
205 silly install resolved      { type: 'git',
205 silly install resolved        url: 'git://github.com/TooTallNate/node-bindings.git' },
205 silly install resolved     main: './bindings.js',
205 silly install resolved     bugs: { url: 'https://github.com/TooTallNate/node-bindings/issues' },
205 silly install resolved     homepage: 'https://github.com/TooTallNate/node-bindings',
205 silly install resolved     license: 'MIT',
205 silly install resolved     gitHead: 'e404152ee27f8478ccbc7122ee051246e8e5ec02',
205 silly install resolved     _id: 'bindings@1.2.1',
205 silly install resolved     scripts: {},
205 silly install resolved     _shasum: '14ad6113812d2d37d72e67b4cacb4bb726505f11',
205 silly install resolved     _from: 'bindings@1.2.1',
205 silly install resolved     _npmVersion: '1.4.14',
205 silly install resolved     _npmUser: { name: 'tootallnate', email: 'nathan@tootallnate.net' },
205 silly install resolved     maintainers: [ [Object], [Object] ],
205 silly install resolved     dist:
205 silly install resolved      { shasum: '14ad6113812d2d37d72e67b4cacb4bb726505f11',
205 silly install resolved        tarball: 'https://registry.npmjs.org/bindings/-/bindings-1.2.1.tgz' },
205 silly install resolved     directories: {},
205 silly install resolved     _resolved: 'https://registry.npmjs.org/bindings/-/bindings-1.2.1.tgz',
205 silly install resolved     readme: 'ERROR: No README data found!' },
205 silly install resolved   { name: 'nan',
205 silly install resolved     version: '2.3.5',
205 silly install resolved     description: 'Native Abstractions for Node.js: C++ header for Node 0.8 -> 6 compatibility',
205 silly install resolved     main: 'include_dirs.js',
205 silly install resolved     repository: { type: 'git', url: 'git://github.com/nodejs/nan.git' },
205 silly install resolved     scripts:
205 silly install resolved      { test: 'tap --gc --stderr test/js/*-test.js',
205 silly install resolved        'rebuild-tests': 'node-gyp rebuild --msvs_version=2013 --directory test',
205 silly install resolved        docs: 'doc/.build.sh' },
205 silly install resolved     contributors:
205 silly install resolved      [ [Object],
205 silly install resolved        [Object],
205 silly install resolved        [Object],
205 silly install resolved        [Object],
205 silly install resolved        [Object],
205 silly install resolved        [Object],
205 silly install resolved        [Object] ],
205 silly install resolved     devDependencies:
205 silly install resolved      { bindings: '~1.2.1',
205 silly install resolved        commander: '^2.8.1',
205 silly install resolved        glob: '^5.0.14',
205 silly install resolved        'node-gyp': '~3.0.1',
205 silly install resolved        tap: '~0.7.1',
205 silly install resolved        xtend: '~4.0.0' },
205 silly install resolved     license: 'MIT',
205 silly install resolved     bugs: { url: 'https://github.com/nodejs/nan/issues' },
205 silly install resolved     homepage: 'https://github.com/nodejs/nan#readme',
205 silly install resolved     _id: 'nan@2.3.5',
205 silly install resolved     _shasum: '822a0dc266290ce4cd3a12282ca3e7e364668a08',
205 silly install resolved     _resolved: 'https://registry.npmjs.org/nan/-/nan-2.3.5.tgz',
205 silly install resolved     _from: 'nan@2.3.5',
205 silly install resolved     _npmVersion: '3.3.6',
205 silly install resolved     _nodeVersion: '5.0.0',
205 silly install resolved     _npmUser: { name: 'kkoopa', email: 'bbyholm@abo.fi' },
205 silly install resolved     dist:
205 silly install resolved      { shasum: '822a0dc266290ce4cd3a12282ca3e7e364668a08',
205 silly install resolved        tarball: 'https://registry.npmjs.org/nan/-/nan-2.3.5.tgz' },
205 silly install resolved     maintainers: [ [Object], [Object] ],
205 silly install resolved     _npmOperationalInternal:
205 silly install resolved      { host: 'packages-12-west.internal.npmjs.com',
205 silly install resolved        tmp: 'tmp/nan-2.3.5.tgz_1464707164994_0.4295874561648816' },
205 silly install resolved     directories: {},
205 silly install resolved     readme: 'ERROR: No README data found!' } ]
206 info install bindings@1.2.1 into C:\Users\Joseph\6.170\final-proj-Seals\node_modules\bcrypt
207 info install nan@2.3.5 into C:\Users\Joseph\6.170\final-proj-Seals\node_modules\bcrypt
208 info installOne bindings@1.2.1
209 verbose installOne of bindings to C:\Users\Joseph\6.170\final-proj-Seals\node_modules\bcrypt not in flight; installing
210 verbose correctMkdir C:\Users\Joseph\AppData\Roaming\npm-cache\_locks correctMkdir not in flight; initializing
211 info installOne nan@2.3.5
212 verbose installOne of nan to C:\Users\Joseph\6.170\final-proj-Seals\node_modules\bcrypt not in flight; installing
213 verbose correctMkdir C:\Users\Joseph\AppData\Roaming\npm-cache\_locks correctMkdir not in flight; initializing
214 verbose lock using C:\Users\Joseph\AppData\Roaming\npm-cache\_locks\bindings-9189b7379c5d8f5c.lock for C:\Users\Joseph\6.170\final-proj-Seals\node_modules\bcrypt\node_modules\bindings
215 verbose lock using C:\Users\Joseph\AppData\Roaming\npm-cache\_locks\nan-278cc814e6242db4.lock for C:\Users\Joseph\6.170\final-proj-Seals\node_modules\bcrypt\node_modules\nan
216 silly install write writing bindings 1.2.1 to C:\Users\Joseph\6.170\final-proj-Seals\node_modules\bcrypt\node_modules\bindings
217 silly install write writing nan 2.3.5 to C:\Users\Joseph\6.170\final-proj-Seals\node_modules\bcrypt\node_modules\nan
218 verbose unbuild node_modules\bcrypt\node_modules\bindings
219 verbose unbuild node_modules\bcrypt\node_modules\nan
220 silly gentlyRm C:\Users\Joseph\6.170\final-proj-Seals\node_modules\bcrypt\node_modules\bindings is being purged from base C:\Users\Joseph\6.170\final-proj-Seals
221 verbose gentlyRm don't care about contents; nuking C:\Users\Joseph\6.170\final-proj-Seals\node_modules\bcrypt\node_modules\bindings
222 silly gentlyRm C:\Users\Joseph\6.170\final-proj-Seals\node_modules\bcrypt\node_modules\nan is being purged from base C:\Users\Joseph\6.170\final-proj-Seals
223 verbose gentlyRm don't care about contents; nuking C:\Users\Joseph\6.170\final-proj-Seals\node_modules\bcrypt\node_modules\nan
224 verbose tar unpack C:\Users\Joseph\AppData\Roaming\npm-cache\bindings\1.2.1\package.tgz
225 verbose tar unpacking to C:\Users\Joseph\6.170\final-proj-Seals\node_modules\bcrypt\node_modules\bindings
226 silly gentlyRm C:\Users\Joseph\6.170\final-proj-Seals\node_modules\bcrypt\node_modules\bindings is being purged
227 verbose gentlyRm don't care about contents; nuking C:\Users\Joseph\6.170\final-proj-Seals\node_modules\bcrypt\node_modules\bindings
228 verbose tar unpack C:\Users\Joseph\AppData\Roaming\npm-cache\nan\2.3.5\package.tgz
229 verbose tar unpacking to C:\Users\Joseph\6.170\final-proj-Seals\node_modules\bcrypt\node_modules\nan
230 silly gentlyRm C:\Users\Joseph\6.170\final-proj-Seals\node_modules\bcrypt\node_modules\nan is being purged
231 verbose gentlyRm don't care about contents; nuking C:\Users\Joseph\6.170\final-proj-Seals\node_modules\bcrypt\node_modules\nan
232 silly gunzTarPerm modes [ '777', '666' ]
233 silly gunzTarPerm modes [ '777', '666' ]
234 silly gunzTarPerm extractEntry package.json
235 silly gunzTarPerm modified mode [ 'package.json', 420, 438 ]
236 silly gunzTarPerm extractEntry README.md
237 silly gunzTarPerm modified mode [ 'README.md', 420, 438 ]
238 silly gunzTarPerm extractEntry bindings.js
239 silly gunzTarPerm modified mode [ 'bindings.js', 420, 438 ]
240 silly gunzTarPerm extractEntry package.json
241 silly gunzTarPerm modified mode [ 'package.json', 436, 438 ]
242 silly gunzTarPerm extractEntry README.md
243 silly gunzTarPerm modified mode [ 'README.md', 436, 438 ]
244 silly gunzTarPerm extractEntry include_dirs.js
245 silly gunzTarPerm modified mode [ 'include_dirs.js', 436, 438 ]
246 silly gunzTarPerm extractEntry nan_converters.h
247 silly gunzTarPerm modified mode [ 'nan_converters.h', 436, 438 ]
248 silly gunzTarPerm extractEntry LICENSE.md
249 silly gunzTarPerm modified mode [ 'LICENSE.md', 436, 438 ]
250 silly gunzTarPerm extractEntry doc/node_misc.md
251 silly gunzTarPerm modified mode [ 'doc/node_misc.md', 436, 438 ]
252 silly gunzTarPerm extractEntry doc/asyncworker.md
253 silly gunzTarPerm modified mode [ 'doc/asyncworker.md', 436, 438 ]
254 silly gunzTarPerm extractEntry doc/callback.md
255 silly gunzTarPerm modified mode [ 'doc/callback.md', 436, 438 ]
256 silly gunzTarPerm extractEntry doc/converters.md
257 silly gunzTarPerm modified mode [ 'doc/converters.md', 436, 438 ]
258 silly gunzTarPerm extractEntry doc/errors.md
259 silly gunzTarPerm modified mode [ 'doc/errors.md', 436, 438 ]
260 silly gunzTarPerm extractEntry doc/maybe_types.md
261 silly gunzTarPerm modified mode [ 'doc/maybe_types.md', 436, 438 ]
262 silly gunzTarPerm extractEntry doc/methods.md
263 silly gunzTarPerm modified mode [ 'doc/methods.md', 436, 438 ]
264 silly gunzTarPerm extractEntry doc/new.md
265 silly gunzTarPerm modified mode [ 'doc/new.md', 436, 438 ]
266 verbose write writing to C:\Users\Joseph\6.170\final-proj-Seals\node_modules\bcrypt\node_modules\bindings\package.json
267 silly gunzTarPerm extractEntry doc/buffers.md
268 silly gunzTarPerm modified mode [ 'doc/buffers.md', 436, 438 ]
269 silly gunzTarPerm extractEntry doc/object_wrappers.md
270 silly gunzTarPerm modified mode [ 'doc/object_wrappers.md', 436, 438 ]
271 info preinstall bindings@1.2.1
272 verbose readDependencies loading dependencies from C:\Users\Joseph\6.170\final-proj-Seals\node_modules\bcrypt\node_modules\bindings\package.json
273 verbose readDependencies loading dependencies from C:\Users\Joseph\6.170\final-proj-Seals\node_modules\bcrypt\node_modules\bindings\package.json
274 silly install resolved []
275 verbose about to build C:\Users\Joseph\6.170\final-proj-Seals\node_modules\bcrypt\node_modules\bindings
276 info build C:\Users\Joseph\6.170\final-proj-Seals\node_modules\bcrypt\node_modules\bindings
277 info linkStuff bindings@1.2.1
278 silly linkStuff bindings@1.2.1 has C:\Users\Joseph\6.170\final-proj-Seals\node_modules\bcrypt\node_modules as its parent node_modules
279 silly gunzTarPerm extractEntry doc/persistent.md
280 silly gunzTarPerm modified mode [ 'doc/persistent.md', 436, 438 ]
281 silly gunzTarPerm extractEntry doc/scopes.md
282 silly gunzTarPerm modified mode [ 'doc/scopes.md', 436, 438 ]
283 verbose linkBins bindings@1.2.1
284 verbose linkMans bindings@1.2.1
285 verbose rebuildBundles bindings@1.2.1
286 info install bindings@1.2.1
287 info postinstall bindings@1.2.1
288 verbose unlock done using C:\Users\Joseph\AppData\Roaming\npm-cache\_locks\bindings-9189b7379c5d8f5c.lock for C:\Users\Joseph\6.170\final-proj-Seals\node_modules\bcrypt\node_modules\bindings
289 silly gunzTarPerm extractEntry doc/script.md
290 silly gunzTarPerm modified mode [ 'doc/script.md', 436, 438 ]
291 silly gunzTarPerm extractEntry doc/string_bytes.md
292 silly gunzTarPerm modified mode [ 'doc/string_bytes.md', 436, 438 ]
293 silly gunzTarPerm extractEntry doc/v8_internals.md
294 silly gunzTarPerm modified mode [ 'doc/v8_internals.md', 436, 438 ]
295 silly gunzTarPerm extractEntry doc/v8_misc.md
296 silly gunzTarPerm modified mode [ 'doc/v8_misc.md', 436, 438 ]
297 silly gunzTarPerm extractEntry nan.h
298 silly gunzTarPerm modified mode [ 'nan.h', 436, 438 ]
299 silly gunzTarPerm extractEntry nan_callbacks.h
300 silly gunzTarPerm modified mode [ 'nan_callbacks.h', 436, 438 ]
301 silly gunzTarPerm extractEntry nan_callbacks_12_inl.h
302 silly gunzTarPerm modified mode [ 'nan_callbacks_12_inl.h', 436, 438 ]
303 silly gunzTarPerm extractEntry nan_callbacks_pre_12_inl.h
304 silly gunzTarPerm modified mode [ 'nan_callbacks_pre_12_inl.h', 436, 438 ]
305 silly gunzTarPerm extractEntry nan_converters_43_inl.h
306 silly gunzTarPerm modified mode [ 'nan_converters_43_inl.h', 436, 438 ]
307 silly gunzTarPerm extractEntry nan_converters_pre_43_inl.h
308 silly gunzTarPerm modified mode [ 'nan_converters_pre_43_inl.h', 436, 438 ]
309 silly gunzTarPerm extractEntry nan_implementation_12_inl.h
310 silly gunzTarPerm modified mode [ 'nan_implementation_12_inl.h', 436, 438 ]
311 silly gunzTarPerm extractEntry nan_implementation_pre_12_inl.h
312 silly gunzTarPerm modified mode [ 'nan_implementation_pre_12_inl.h', 436, 438 ]
313 silly gunzTarPerm extractEntry nan_maybe_43_inl.h
314 silly gunzTarPerm modified mode [ 'nan_maybe_43_inl.h', 436, 438 ]
315 silly gunzTarPerm extractEntry nan_maybe_pre_43_inl.h
316 silly gunzTarPerm modified mode [ 'nan_maybe_pre_43_inl.h', 436, 438 ]
317 silly gunzTarPerm extractEntry nan_new.h
318 silly gunzTarPerm modified mode [ 'nan_new.h', 436, 438 ]
319 silly gunzTarPerm extractEntry nan_object_wrap.h
320 silly gunzTarPerm modified mode [ 'nan_object_wrap.h', 436, 438 ]
321 silly gunzTarPerm extractEntry nan_persistent_12_inl.h
322 silly gunzTarPerm modified mode [ 'nan_persistent_12_inl.h', 436, 438 ]
323 silly gunzTarPerm extractEntry nan_persistent_pre_12_inl.h
324 silly gunzTarPerm modified mode [ 'nan_persistent_pre_12_inl.h', 436, 438 ]
325 silly gunzTarPerm extractEntry nan_string_bytes.h
326 silly gunzTarPerm modified mode [ 'nan_string_bytes.h', 436, 438 ]
327 silly gunzTarPerm extractEntry nan_typedarray_contents.h
328 silly gunzTarPerm modified mode [ 'nan_typedarray_contents.h', 436, 438 ]
329 silly gunzTarPerm extractEntry nan_weak.h
330 silly gunzTarPerm modified mode [ 'nan_weak.h', 436, 438 ]
331 silly gunzTarPerm extractEntry CHANGELOG.md
332 silly gunzTarPerm modified mode [ 'CHANGELOG.md', 436, 438 ]
333 silly gunzTarPerm extractEntry tools/package.json
334 silly gunzTarPerm modified mode [ 'tools/package.json', 436, 438 ]
335 silly gunzTarPerm extractEntry tools/README.md
336 silly gunzTarPerm modified mode [ 'tools/README.md', 436, 438 ]
337 silly gunzTarPerm extractEntry tools/1to2.js
338 silly gunzTarPerm modified mode [ 'tools/1to2.js', 509, 511 ]
339 verbose write writing to C:\Users\Joseph\6.170\final-proj-Seals\node_modules\bcrypt\node_modules\nan\package.json
340 info preinstall nan@2.3.5
341 verbose readDependencies loading dependencies from C:\Users\Joseph\6.170\final-proj-Seals\node_modules\bcrypt\node_modules\nan\package.json
342 verbose readDependencies loading dependencies from C:\Users\Joseph\6.170\final-proj-Seals\node_modules\bcrypt\node_modules\nan\package.json
343 silly install resolved []
344 verbose about to build C:\Users\Joseph\6.170\final-proj-Seals\node_modules\bcrypt\node_modules\nan
345 info build C:\Users\Joseph\6.170\final-proj-Seals\node_modules\bcrypt\node_modules\nan
346 info linkStuff nan@2.3.5
347 silly linkStuff nan@2.3.5 has C:\Users\Joseph\6.170\final-proj-Seals\node_modules\bcrypt\node_modules as its parent node_modules
348 verbose linkBins nan@2.3.5
349 verbose linkMans nan@2.3.5
350 verbose rebuildBundles nan@2.3.5
351 info install nan@2.3.5
352 info postinstall nan@2.3.5
353 verbose unlock done using C:\Users\Joseph\AppData\Roaming\npm-cache\_locks\nan-278cc814e6242db4.lock for C:\Users\Joseph\6.170\final-proj-Seals\node_modules\bcrypt\node_modules\nan
354 verbose about to build C:\Users\Joseph\6.170\final-proj-Seals\node_modules\bcrypt
355 info build C:\Users\Joseph\6.170\final-proj-Seals\node_modules\bcrypt
356 info linkStuff bcrypt@0.8.7
357 silly linkStuff bcrypt@0.8.7 has C:\Users\Joseph\6.170\final-proj-Seals\node_modules as its parent node_modules
358 verbose linkBins bcrypt@0.8.7
359 verbose linkMans bcrypt@0.8.7
360 verbose rebuildBundles bcrypt@0.8.7
361 verbose rebuildBundles [ 'bindings', 'nan' ]
362 info install bcrypt@0.8.7
363 verbose unsafe-perm in lifecycle true
364 info bcrypt@0.8.7 Failed to exec install script
365 verbose unlock done using C:\Users\Joseph\AppData\Roaming\npm-cache\_locks\bcrypt-7919e8e9ce6454de.lock for C:\Users\Joseph\6.170\final-proj-Seals\node_modules\bcrypt
366 verbose stack Error: bcrypt@0.8.7 install: `node-gyp rebuild`
366 verbose stack Exit status 1
366 verbose stack     at EventEmitter.<anonymous> (C:\Program Files\nodejs\node_modules\npm\lib\utils\lifecycle.js:217:16)
366 verbose stack     at emitTwo (events.js:87:13)
366 verbose stack     at EventEmitter.emit (events.js:172:7)
366 verbose stack     at ChildProcess.<anonymous> (C:\Program Files\nodejs\node_modules\npm\lib\utils\spawn.js:24:14)
366 verbose stack     at emitTwo (events.js:87:13)
366 verbose stack     at ChildProcess.emit (events.js:172:7)
366 verbose stack     at maybeClose (internal/child_process.js:829:16)
366 verbose stack     at Process.ChildProcess._handle.onexit (internal/child_process.js:211:5)
367 verbose pkgid bcrypt@0.8.7
368 verbose cwd C:\Users\Joseph\6.170\final-proj-Seals
369 error Windows_NT 10.0.14971
370 error argv "C:\\Program Files\\nodejs\\node.exe" "C:\\Program Files\\nodejs\\node_modules\\npm\\bin\\npm-cli.js" "install"
371 error node v4.5.0
372 error npm  v2.15.9
373 error code ELIFECYCLE
374 error bcrypt@0.8.7 install: `node-gyp rebuild`
374 error Exit status 1
375 error Failed at the bcrypt@0.8.7 install script 'node-gyp rebuild'.
375 error This is most likely a problem with the bcrypt package,
375 error not with npm itself.
375 error Tell the author that this fails on your system:
375 error     node-gyp rebuild
375 error You can get information on how to open an issue for this project with:
375 error     npm bugs bcrypt
375 error Or if that isn't available, you can get their info via:
375 error
375 error     npm owner ls bcrypt
375 error There is likely additional logging output above.
376 verbose exit [ 1, true ]
377 verbose unbuild node_modules\bcrypt
378 info preuninstall bcrypt@0.8.7
379 info uninstall bcrypt@0.8.7
380 verbose unbuild rmStuff bcrypt@0.8.7 from C:\Users\Joseph\6.170\final-proj-Seals\node_modules
381 info postuninstall bcrypt@0.8.7
382 silly gentlyRm C:\Users\Joseph\6.170\final-proj-Seals\node_modules\bcrypt is being purged from base C:\Users\Joseph\6.170\final-proj-Seals
383 verbose gentlyRm don't care about contents; nuking C:\Users\Joseph\6.170\final-proj-Seals\node_modules\bcrypt
384 silly vacuum-fs purging C:\Users\Joseph\6.170\final-proj-Seals\node_modules\bcrypt
385 silly vacuum-fs quitting because other entries in C:\Users\Joseph\6.170\final-proj-Seals\node_modules
